<?xml version="1.0" encoding="UTF-8"?>
<testng-results skipped="0" failed="0" total="1" passed="1">
  <reporter-output>
  </reporter-output>
  <suite name="Default suite" duration-ms="2081" started-at="2017-12-11T18:39:01Z" finished-at="2017-12-11T18:39:03Z">
    <groups>
    </groups>
    <test name="Default test" duration-ms="2081" started-at="2017-12-11T18:39:01Z" finished-at="2017-12-11T18:39:03Z">
      <class name="com.qtpselenium.framework.datadriven.suiteA.Test1">
        <test-method status="PASS" signature="test1()[pri:0, instance:com.qtpselenium.framework.datadriven.suiteA.Test1@146ba0ac]" name="test1" duration-ms="2009" started-at="2017-12-12T00:09:01Z" finished-at="2017-12-12T00:09:03Z">
          <reporter-output>
          </reporter-output>
        </test-method> <!-- test1 -->
      </class> <!-- com.qtpselenium.framework.datadriven.suiteA.Test1 -->
    </test> <!-- Default test -->
  </suite> <!-- Default suite -->
</testng-results>
